<?xml version="1.0" encoding="UTF-8"?>
<!-- Generated by org.testng.reporters.JUnitXMLReporter -->
<testsuite ignored="0" hostname="TYSS-Amarnath" failures="0" tests="2" name="Run on Edge" time="1.472" errors="0" timestamp="2025-09-21T03:59:20 IST">
  <testcase classname="HRM_Framework.HRM_Framework.Login_Test" name="validLogin" time="0.0">
    <skipped/>
  </testcase> <!-- validLogin -->
  <testcase classname="HRM_Framework.HRM_Framework.Login_Test" name="invalidLogin" time="0.0">
    <skipped/>
  </testcase> <!-- invalidLogin -->
</testsuite> <!-- Run on Edge -->
