<?xml version="1.0" encoding="UTF-8"?>
<!-- Generated by org.testng.reporters.JUnitXMLReporter -->
<testsuite ignored="0" hostname="TYSS-Amarnath" failures="2" tests="5" name="run on chrome" time="26.413" errors="0" timestamp="2025-09-15T22:31:45 IST">
  <testcase classname="HRM_Framework.HRM_Framework.AppTest" name="loginTest" time="4.825"/>
  <testcase classname="HRM_Framework.HRM_Framework.AppTest" name="addEmployeeTest" time="6.062"/>
  <testcase classname="HRM_Framework.HRM_Framework.AppTest" name="fetchEmp" time="1.953"/>
  <testcase classname="HRM_Framework.HRM_Framework.AppTest" name="editEmp" time="4.096">
    <failure type="java.lang.AssertionError" message="expected [Successfully Saved] but found [Success
Successfully Updated
×]">
      <![CDATA[java.lang.AssertionError: expected [Successfully Saved] but found [Success
Successfully Updated
×]
at HRM_Framework.HRM_Framework.AppTest.editEmp(AppTest.java:66)
at java.base/java.util.ArrayList.forEach(ArrayList.java:1597)
at java.base/java.util.concurrent.FutureTask.run(FutureTask.java:317)
at java.base/java.util.concurrent.ThreadPoolExecutor.runWorker(ThreadPoolExecutor.java:1144)
at java.base/java.util.concurrent.ThreadPoolExecutor$Worker.run(ThreadPoolExecutor.java:642)
at java.base/java.lang.Thread.run(Thread.java:1575)
... Removed 21 stack frames]]>
    </failure>
  </testcase> <!-- editEmp -->
  <testcase classname="HRM_Framework.HRM_Framework.AppTest" name="delEmp" time="3.995">
    <failure type="java.lang.AssertionError" message="expected [Successfully Deleted] but found [Success
Successfully Deleted
×]">
      <![CDATA[java.lang.AssertionError: expected [Successfully Deleted] but found [Success
Successfully Deleted
×]
at HRM_Framework.HRM_Framework.AppTest.delEmp(AppTest.java:74)
at java.base/java.util.ArrayList.forEach(ArrayList.java:1597)
at java.base/java.util.concurrent.FutureTask.run(FutureTask.java:317)
at java.base/java.util.concurrent.ThreadPoolExecutor.runWorker(ThreadPoolExecutor.java:1144)
at java.base/java.util.concurrent.ThreadPoolExecutor$Worker.run(ThreadPoolExecutor.java:642)
at java.base/java.lang.Thread.run(Thread.java:1575)
... Removed 21 stack frames]]>
    </failure>
  </testcase> <!-- delEmp -->
</testsuite> <!-- run on chrome -->
