<?xml version="1.0" encoding="UTF-8"?>
<!-- Generated by org.testng.reporters.JUnitXMLReporter -->
<testsuite ignored="1" hostname="TYSS-Amarnath" failures="0" tests="3" name="Test" time="0.052" errors="0" timestamp="2025-09-01T00:37:22 IST">
  <testcase classname="xml_TESTNG.Groups_TestNG" name="test1" time="0.008"/>
  <testcase classname="xml_TESTNG.Groups_TestNG" name="test2" time="0.001"/>
  <testcase classname="xml_TESTNG.Groups_TestNG" name="test4" time="0.001"/>
  <testcase classname="xml_TESTNG.Groups_TestNG" name="test3" time="0.0">
    <ignored/>
  </testcase> <!-- test3 -->
</testsuite> <!-- Test -->
